<?xml version="1.0" encoding="UTF-8"?>
<!-- Generated by org.testng.reporters.JUnitReportReporter -->
<testsuite name="testscripts.AccountCreationTestCase" tests="2" time="64.276" ignored="0" failures="0" timestamp="09 Feb 2021 09:12:11 GMT" skipped="0" hostname="LAPTOP-PO5O07DD" errors="0">
  <testcase name="testValidationRule" time="23.701" classname="testscripts.AccountCreationTestCase"/>
  <testcase name="createNewAccount" time="40.575" classname="testscripts.AccountCreationTestCase"/>
</testsuite> <!-- testscripts.AccountCreationTestCase -->
