<?xml version="1.0" encoding="UTF-8"?>
<!-- Generated by org.testng.reporters.JUnitReportReporter -->
<testsuite name="testscripts.AccountCreationTestCase" tests="1" time="23.121" ignored="3" failures="0" timestamp="27 Feb 2021 04:34:29 GMT" skipped="0" hostname="LAPTOP-PO5O07DD" errors="0">
  <testcase name="testValidationRule" time="23.121" classname="testscripts.AccountCreationTestCase"/>
  <testcase name="createNewAccount" classname="testscripts.AccountCreationTestCase">
    <skipped/>
  </testcase> <!-- createNewAccount -->
  <testcase name="userLogin" classname="testscripts.AccountCreationTestCase">
    <skipped/>
  </testcase> <!-- userLogin -->
  <testcase name="placeOrder" classname="testscripts.AccountCreationTestCase">
    <skipped/>
  </testcase> <!-- placeOrder -->
</testsuite> <!-- testscripts.AccountCreationTestCase -->
