<?xml version="1.0" encoding="UTF-8"?>
<!-- Generated by org.testng.reporters.JUnitReportReporter -->
<testsuite name="testscripts.RegistrationTestCase" tests="2" time="54.746" ignored="0" failures="0" timestamp="08 Feb 2021 14:33:31 GMT" skipped="0" hostname="LAPTOP-PO5O07DD" errors="0">
  <testcase name="testValidationRule" time="23.245" classname="testscripts.RegistrationTestCase"/>
  <testcase name="createNewAccount" time="31.501" classname="testscripts.RegistrationTestCase"/>
</testsuite> <!-- testscripts.RegistrationTestCase -->
